github.com/daviddengcn/go-colortext
github.com/dodong471520/filter_log
github.com/dodong471520/fzf
github.com/dodong471520/fzf/src
github.com/dodong471520/fzf/src/algo
github.com/dodong471520/fzf/src/tui
github.com/dodong471520/fzf/src/util
github.com/dodong471520/gogtags
github.com/google/btree
github.com/jessevdk/go-flags
github.com/jessevdk/go-flags/examples
github.com/jstemmer/gotags
github.com/junegunn/fzf
github.com/junegunn/fzf/src
github.com/junegunn/fzf/src/algo
github.com/junegunn/fzf/src/tui
github.com/junegunn/fzf/src/util
github.com/juntaki/gogtags
github.com/lestrrat/go-pdebug
github.com/mattn/go-isatty
github.com/mattn/go-runewidth
github.com/mattn/go-shellwords
github.com/mattn/go-sqlite3
github.com/mitchellh/go-homedir
github.com/motemen/ghq
github.com/motemen/ghq/utils
github.com/motemen/go-colorine
github.com/nsf/termbox-go
github.com/peco/peco
github.com/peco/peco/cmd/peco
github.com/peco/peco/filter
github.com/peco/peco/hub
github.com/peco/peco/internal/buffer
github.com/peco/peco/internal/keyseq
github.com/peco/peco/internal/util
github.com/peco/peco/line
github.com/peco/peco/pipeline
github.com/peco/peco/sig
github.com/peco/peco/vendor/github.com/davecgh/go-spew/spew
github.com/peco/peco/vendor/github.com/google/btree
github.com/peco/peco/vendor/github.com/jessevdk/go-flags
github.com/peco/peco/vendor/github.com/jessevdk/go-flags/examples
github.com/peco/peco/vendor/github.com/lestrrat/go-pdebug
github.com/peco/peco/vendor/github.com/mattn/go-runewidth
github.com/peco/peco/vendor/github.com/nsf/termbox-go
github.com/peco/peco/vendor/github.com/pkg/errors
github.com/peco/peco/vendor/github.com/stretchr/testify
github.com/peco/peco/vendor/github.com/stretchr/testify/assert
github.com/peco/peco/vendor/github.com/stretchr/testify/http
github.com/peco/peco/vendor/github.com/stretchr/testify/mock
github.com/peco/peco/vendor/github.com/stretchr/testify/require
github.com/peco/peco/vendor/github.com/stretchr/testify/suite
github.com/peco/peco/vendor/github.com/stretchr/testify/vendor/github.com/davecgh/go-spew/spew
github.com/peco/peco/vendor/github.com/stretchr/testify/vendor/github.com/pmezard/go-difflib/difflib
github.com/peco/peco/vendor/github.com/stretchr/testify/vendor/github.com/stretchr/objx
github.com/pkg/errors
github.com/urfave/cli
github.com/urfave/cli/altsrc
